Performing C SOURCE FILE Test CMAKE_HAVE_LIBC_PTHREAD failed with the following output:
Change Dir: /home/zjl/code/RM2022/AIM_HUST/cmake-build-debug/CMakeFiles/CMakeTmp

Run Build Command(s):/usr/bin/make cmTC_4d069/fast && /usr/bin/make  -f CMakeFiles/cmTC_4d069.dir/build.make CMakeFiles/cmTC_4d069.dir/build
make[1]: 进入目录“/home/zjl/code/RM2022/AIM_HUST/cmake-build-debug/CMakeFiles/CMakeTmp”
Building C object CMakeFiles/cmTC_4d069.dir/src.c.o
/usr/bin/gcc   -O2 -DCMAKE_HAVE_LIBC_PTHREAD   -o CMakeFiles/cmTC_4d069.dir/src.c.o   -c /home/zjl/code/RM2022/AIM_HUST/cmake-build-debug/CMakeFiles/CMakeTmp/src.c
Linking C executable cmTC_4d069
/home/zjl/下载/clion-2020.2.1/bin/cmake/linux/bin/cmake -E cmake_link_script CMakeFiles/cmTC_4d069.dir/link.txt --verbose=1
/usr/bin/gcc  -O2 -DCMAKE_HAVE_LIBC_PTHREAD    CMakeFiles/cmTC_4d069.dir/src.c.o  -o cmTC_4d069 
CMakeFiles/cmTC_4d069.dir/src.c.o：在函数‘main’中：
src.c:(.text.startup+0x23)：对‘pthread_create’未定义的引用
src.c:(.text.startup+0x2c)：对‘pthread_detach’未定义的引用
src.c:(.text.startup+0x35)：对‘pthread_cancel’未定义的引用
src.c:(.text.startup+0x40)：对‘pthread_join’未定义的引用
src.c:(.text.startup+0x4b)：对‘pthread_atfork’未定义的引用
collect2: error: ld returned 1 exit status
CMakeFiles/cmTC_4d069.dir/build.make:106: recipe for target 'cmTC_4d069' failed
make[1]: *** [cmTC_4d069] Error 1
make[1]: 离开目录“/home/zjl/code/RM2022/AIM_HUST/cmake-build-debug/CMakeFiles/CMakeTmp”
Makefile:141: recipe for target 'cmTC_4d069/fast' failed
make: *** [cmTC_4d069/fast] Error 2


Source file was:
#include <pthread.h>

void* test_func(void* data)
{
  return data;
}

int main(void)
{
  pthread_t thread;
  pthread_create(&thread, NULL, test_func, NULL);
  pthread_detach(thread);
  pthread_cancel(thread);
  pthread_join(thread, NULL);
  pthread_atfork(NULL, NULL, NULL);
  pthread_exit(NULL);

  return 0;
}

Determining if the function pthread_create exists in the pthreads failed with the following output:
Change Dir: /home/zjl/code/RM2022/AIM_HUST/cmake-build-debug/CMakeFiles/CMakeTmp

Run Build Command(s):/usr/bin/make cmTC_b54e4/fast && /usr/bin/make  -f CMakeFiles/cmTC_b54e4.dir/build.make CMakeFiles/cmTC_b54e4.dir/build
make[1]: 进入目录“/home/zjl/code/RM2022/AIM_HUST/cmake-build-debug/CMakeFiles/CMakeTmp”
Building C object CMakeFiles/cmTC_b54e4.dir/CheckFunctionExists.c.o
/usr/bin/gcc   -O2 -DCHECK_FUNCTION_EXISTS=pthread_create   -o CMakeFiles/cmTC_b54e4.dir/CheckFunctionExists.c.o   -c /home/zjl/下载/clion-2020.2.1/bin/cmake/linux/share/cmake-3.17/Modules/CheckFunctionExists.c
Linking C executable cmTC_b54e4
/home/zjl/下载/clion-2020.2.1/bin/cmake/linux/bin/cmake -E cmake_link_script CMakeFiles/cmTC_b54e4.dir/link.txt --verbose=1
/usr/bin/gcc  -O2 -DCHECK_FUNCTION_EXISTS=pthread_create    CMakeFiles/cmTC_b54e4.dir/CheckFunctionExists.c.o  -o cmTC_b54e4  -lpthreads 
/usr/bin/ld: 找不到 -lpthreads
collect2: error: ld returned 1 exit status
CMakeFiles/cmTC_b54e4.dir/build.make:106: recipe for target 'cmTC_b54e4' failed
make[1]: *** [cmTC_b54e4] Error 1
make[1]: 离开目录“/home/zjl/code/RM2022/AIM_HUST/cmake-build-debug/CMakeFiles/CMakeTmp”
Makefile:141: recipe for target 'cmTC_b54e4/fast' failed
make: *** [cmTC_b54e4/fast] Error 2



