Detecting C [-std=c11] compiler features failed to compile with the following output:
Change Dir: /home/zhou/RM/RM2022/AIM_RM/build/CMakeFiles/CMakeTmp

Run Build Command:"/usr/bin/make" "cmTC_628b8/fast"
/usr/bin/make -f CMakeFiles/cmTC_628b8.dir/build.make CMakeFiles/cmTC_628b8.dir/build
make[1]: Entering directory '/home/zhou/RM/RM2022/AIM_RM/build/CMakeFiles/CMakeTmp'
Building C object CMakeFiles/cmTC_628b8.dir/feature_tests.c.o
/usr/bin/c99-gcc   -std=c11 -o CMakeFiles/cmTC_628b8.dir/feature_tests.c.o   -c /home/zhou/RM/RM2022/AIM_RM/build/CMakeFiles/feature_tests.c
c99-gcc called with non ISO C99 option -std=c11
CMakeFiles/cmTC_628b8.dir/build.make:65: recipe for target 'CMakeFiles/cmTC_628b8.dir/feature_tests.c.o' failed
make[1]: *** [CMakeFiles/cmTC_628b8.dir/feature_tests.c.o] Error 1
make[1]: Leaving directory '/home/zhou/RM/RM2022/AIM_RM/build/CMakeFiles/CMakeTmp'
Makefile:126: recipe for target 'cmTC_628b8/fast' failed
make: *** [cmTC_628b8/fast] Error 2



Determining if the pthread_create exist failed with the following output:
Change Dir: /home/zhou/RM/RM2022/AIM_RM/build/CMakeFiles/CMakeTmp

Run Build Command:"/usr/bin/make" "cmTC_1d48a/fast"
/usr/bin/make -f CMakeFiles/cmTC_1d48a.dir/build.make CMakeFiles/cmTC_1d48a.dir/build
make[1]: Entering directory '/home/zhou/RM/RM2022/AIM_RM/build/CMakeFiles/CMakeTmp'
Building C object CMakeFiles/cmTC_1d48a.dir/CheckSymbolExists.c.o
/usr/bin/c99-gcc   -fPIC    -o CMakeFiles/cmTC_1d48a.dir/CheckSymbolExists.c.o   -c /home/zhou/RM/RM2022/AIM_RM/build/CMakeFiles/CMakeTmp/CheckSymbolExists.c
Linking C executable cmTC_1d48a
/usr/bin/cmake -E cmake_link_script CMakeFiles/cmTC_1d48a.dir/link.txt --verbose=1
/usr/bin/c99-gcc -fPIC     CMakeFiles/cmTC_1d48a.dir/CheckSymbolExists.c.o  -o cmTC_1d48a 
CMakeFiles/cmTC_1d48a.dir/CheckSymbolExists.c.o: In function `main':
CheckSymbolExists.c:(.text+0x1b): undefined reference to `pthread_create'
collect2: error: ld returned 1 exit status
CMakeFiles/cmTC_1d48a.dir/build.make:97: recipe for target 'cmTC_1d48a' failed
make[1]: *** [cmTC_1d48a] Error 1
make[1]: Leaving directory '/home/zhou/RM/RM2022/AIM_RM/build/CMakeFiles/CMakeTmp'
Makefile:126: recipe for target 'cmTC_1d48a/fast' failed
make: *** [cmTC_1d48a/fast] Error 2

File /home/zhou/RM/RM2022/AIM_RM/build/CMakeFiles/CMakeTmp/CheckSymbolExists.c:
/* */
#include <pthread.h>

int main(int argc, char** argv)
{
  (void)argv;
#ifndef pthread_create
  return ((int*)(&pthread_create))[argc];
#else
  (void)argc;
  return 0;
#endif
}

Determining if the function pthread_create exists in the pthreads failed with the following output:
Change Dir: /home/zhou/RM/RM2022/AIM_RM/build/CMakeFiles/CMakeTmp

Run Build Command:"/usr/bin/make" "cmTC_a1f96/fast"
/usr/bin/make -f CMakeFiles/cmTC_a1f96.dir/build.make CMakeFiles/cmTC_a1f96.dir/build
make[1]: Entering directory '/home/zhou/RM/RM2022/AIM_RM/build/CMakeFiles/CMakeTmp'
Building C object CMakeFiles/cmTC_a1f96.dir/CheckFunctionExists.c.o
/usr/bin/c99-gcc   -fPIC -DCHECK_FUNCTION_EXISTS=pthread_create   -o CMakeFiles/cmTC_a1f96.dir/CheckFunctionExists.c.o   -c /usr/share/cmake-3.10/Modules/CheckFunctionExists.c
Linking C executable cmTC_a1f96
/usr/bin/cmake -E cmake_link_script CMakeFiles/cmTC_a1f96.dir/link.txt --verbose=1
/usr/bin/c99-gcc -fPIC -DCHECK_FUNCTION_EXISTS=pthread_create    CMakeFiles/cmTC_a1f96.dir/CheckFunctionExists.c.o  -o cmTC_a1f96 -lpthreads 
/usr/bin/ld: cannot find -lpthreads
collect2: error: ld returned 1 exit status
CMakeFiles/cmTC_a1f96.dir/build.make:97: recipe for target 'cmTC_a1f96' failed
make[1]: *** [cmTC_a1f96] Error 1
make[1]: Leaving directory '/home/zhou/RM/RM2022/AIM_RM/build/CMakeFiles/CMakeTmp'
Makefile:126: recipe for target 'cmTC_a1f96/fast' failed
make: *** [cmTC_a1f96/fast] Error 2


